<?xml version="1.0" encoding="UTF-8"?>
<coverage generated="1780627024">
  <project timestamp="1780627024">
    <file name="/home/runner/work/wp-module-link-tracker/wp-module-link-tracker/bootstrap.php">
      <line num="13" type="stmt" count="0"/>
      <line num="14" type="stmt" count="0"/>
      <line num="15" type="stmt" count="0"/>
      <line num="16" type="stmt" count="0"/>
      <line num="17" type="stmt" count="0"/>
      <line num="19" type="stmt" count="0"/>
      <line num="20" type="stmt" count="0"/>
      <line num="22" type="stmt" count="0"/>
      <line num="23" type="stmt" count="0"/>
      <line num="24" type="stmt" count="0"/>
      <line num="25" type="stmt" count="0"/>
      <metrics loc="27" ncloc="26" classes="0" methods="0" coveredmethods="0" conditionals="0" coveredconditionals="0" statements="11" coveredstatements="0" elements="11" coveredelements="0"/>
    </file>
    <file name="/home/runner/work/wp-module-link-tracker/wp-module-link-tracker/includes/LinkTracker.php">
      <class name="NewfoldLabs\WP\Module\LinkTracker\LinkTracker" namespace="global">
        <metrics complexity="20" methods="4" coveredmethods="2" conditionals="0" coveredconditionals="0" statements="44" coveredstatements="30" elements="48" coveredelements="32"/>
      </class>
      <line num="23" type="method" name="__construct" visibility="public" complexity="1" crap="1" count="11"/>
      <line num="25" type="stmt" count="11"/>
      <line num="34" type="method" name="add_hooks" visibility="public" complexity="1" crap="1" count="1"/>
      <line num="35" type="stmt" count="1"/>
      <line num="36" type="stmt" count="1"/>
      <line num="45" type="method" name="enqueue_scripts" visibility="public" complexity="2" crap="6" count="0"/>
      <line num="47" type="stmt" count="0"/>
      <line num="48" type="stmt" count="0"/>
      <line num="49" type="stmt" count="0"/>
      <line num="51" type="stmt" count="0"/>
      <line num="54" type="stmt" count="0"/>
      <line num="55" type="stmt" count="0"/>
      <line num="56" type="stmt" count="0"/>
      <line num="57" type="stmt" count="0"/>
      <line num="58" type="stmt" count="0"/>
      <line num="59" type="stmt" count="0"/>
      <line num="60" type="stmt" count="0"/>
      <line num="62" type="stmt" count="0"/>
      <line num="78" type="method" name="build_url" visibility="public" complexity="16" crap="16.08" count="10"/>
      <line num="80" type="stmt" count="10"/>
      <line num="82" type="stmt" count="10"/>
      <line num="84" type="stmt" count="10"/>
      <line num="85" type="stmt" count="0"/>
      <line num="86" type="stmt" count="0"/>
      <line num="89" type="stmt" count="10"/>
      <line num="91" type="stmt" count="10"/>
      <line num="92" type="stmt" count="10"/>
      <line num="93" type="stmt" count="3"/>
      <line num="96" type="stmt" count="10"/>
      <line num="97" type="stmt" count="10"/>
      <line num="98" type="stmt" count="10"/>
      <line num="99" type="stmt" count="10"/>
      <line num="100" type="stmt" count="10"/>
      <line num="102" type="stmt" count="10"/>
      <line num="103" type="stmt" count="10"/>
      <line num="104" type="stmt" count="10"/>
      <line num="108" type="stmt" count="10"/>
      <line num="109" type="stmt" count="10"/>
      <line num="110" type="stmt" count="10"/>
      <line num="111" type="stmt" count="10"/>
      <line num="112" type="stmt" count="10"/>
      <line num="113" type="stmt" count="10"/>
      <line num="115" type="stmt" count="10"/>
      <line num="116" type="stmt" count="10"/>
      <line num="117" type="stmt" count="10"/>
      <line num="118" type="stmt" count="10"/>
      <line num="121" type="stmt" count="10"/>
      <line num="123" type="stmt" count="10"/>
      <metrics loc="126" ncloc="85" classes="1" methods="4" coveredmethods="2" conditionals="0" coveredconditionals="0" statements="44" coveredstatements="30" elements="48" coveredelements="32"/>
    </file>
    <file name="/home/runner/work/wp-module-link-tracker/wp-module-link-tracker/includes/functions.php">
      <line num="13" type="stmt" count="0"/>
      <line num="14" type="stmt" count="0"/>
      <line num="15" type="stmt" count="0"/>
      <line num="16" type="stmt" count="0"/>
      <line num="17" type="stmt" count="0"/>
      <metrics loc="19" ncloc="12" classes="0" methods="0" coveredmethods="0" conditionals="0" coveredconditionals="0" statements="5" coveredstatements="0" elements="5" coveredelements="0"/>
    </file>
    <metrics files="3" loc="172" ncloc="123" classes="1" methods="4" coveredmethods="2" conditionals="0" coveredconditionals="0" statements="60" coveredstatements="30" elements="64" coveredelements="32"/>
  </project>
</coverage>
